2025-04-01 23:23:44 - app.main - INFO - Starting up FOS-HRDD API
2025-04-01 23:24:27 - app.main - INFO - Shutting down FOS-HRDD API
2025-04-01 23:24:31 - app.main - INFO - Starting up FOS-HRDD API
2025-04-01 23:26:29 - app.main - INFO - Shutting down FOS-HRDD API
2025-04-01 23:26:31 - app.main - INFO - Starting up FOS-HRDD API
2025-04-01 23:26:55 - app.main - INFO - Shutting down FOS-HRDD API
2025-04-01 23:26:57 - app.main - INFO - Starting up FOS-HRDD API
2025-04-01 23:27:11 - app.main - INFO - Shutting down FOS-HRDD API
2025-04-01 23:27:14 - app.main - INFO - Starting up FOS-HRDD API
2025-04-01 23:27:37 - app.main - INFO - Shutting down FOS-HRDD API
2025-04-01 23:27:41 - app.main - INFO - Starting up FOS-HRDD API
2025-04-01 23:28:15 - app.main - INFO - Shutting down FOS-HRDD API
2025-04-01 23:32:31 - app.main - INFO - Starting up FOS-HRDD API
2025-04-01 23:39:32 - app.main - ERROR - Database error during login: Authentication plugin 'caching_sha2_password' is not supported
2025-04-01 23:42:18 - app.main - INFO - Shutting down FOS-HRDD API
2025-04-01 23:42:22 - app.main - INFO - Starting up FOS-HRDD API
2025-04-01 23:42:22 - app.main - ERROR - Database error during login: Authentication plugin 'caching_sha2_password' is not supported
2025-04-01 23:44:20 - app.main - INFO - Shutting down FOS-HRDD API
2025-04-01 23:44:24 - app.main - INFO - Starting up FOS-HRDD API
2025-04-01 23:44:25 - app.main - INFO - Shutting down FOS-HRDD API
2025-04-01 23:44:27 - app.main - INFO - Starting up FOS-HRDD API
2025-04-01 23:44:27 - app.main - ERROR - Database error during login: Authentication plugin 'caching_sha2_password' is not supported
2025-04-01 23:44:34 - app.main - INFO - Shutting down FOS-HRDD API
2025-04-01 23:44:36 - app.main - INFO - Starting up FOS-HRDD API
2025-04-01 23:45:21 - app.main - INFO - Shutting down FOS-HRDD API
2025-04-01 23:45:28 - app.main - INFO - Starting up FOS-HRDD API
2025-04-01 23:46:16 - app.main - INFO - Shutting down FOS-HRDD API
2025-04-01 23:46:18 - app.main - INFO - Starting up FOS-HRDD API
2025-04-01 23:46:26 - app.main - ERROR - Database error during login: Authentication plugin 'caching_sha2_password' is not supported
2025-04-01 23:46:32 - app.main - INFO - Shutting down FOS-HRDD API
2025-04-01 23:46:34 - app.main - INFO - Starting up FOS-HRDD API
2025-04-01 23:47:26 - app.main - INFO - Shutting down FOS-HRDD API
2025-04-01 23:49:19 - app.main - INFO - Starting up FOS-HRDD API
2025-04-01 23:49:23 - app.main - ERROR - Database error during login: Authentication plugin 'caching_sha2_password' is not supported
2025-04-01 23:49:33 - app.main - INFO - Shutting down FOS-HRDD API
2025-04-01 23:53:09 - app.main - INFO - Starting up FOS-HRDD API
2025-04-02 00:17:50 - app.main - INFO - Shutting down FOS-HRDD API
2025-04-02 00:17:52 - app.main - INFO - Starting up FOS-HRDD API
2025-04-02 00:19:01 - app.main - INFO - Shutting down FOS-HRDD API
2025-04-02 00:19:05 - app.main - INFO - Starting up FOS-HRDD API
2025-04-02 00:20:55 - app.main - INFO - Shutting down FOS-HRDD API
2025-04-02 00:20:57 - app.main - INFO - Starting up FOS-HRDD API
2025-04-02 00:20:59 - app.main - INFO - Shutting down FOS-HRDD API
2025-04-02 00:21:02 - app.main - INFO - Starting up FOS-HRDD API
2025-04-02 00:21:07 - app.main - INFO - Shutting down FOS-HRDD API
2025-04-02 00:21:09 - app.main - INFO - Starting up FOS-HRDD API
2025-04-02 00:21:14 - app.main - INFO - Shutting down FOS-HRDD API
2025-04-02 00:21:16 - app.main - INFO - Starting up FOS-HRDD API
2025-04-02 00:23:43 - app.main - INFO - Shutting down FOS-HRDD API
2025-04-02 00:23:51 - app.main - INFO - Starting up FOS-HRDD API
2025-04-02 00:23:51 - app.main - INFO - Shutting down FOS-HRDD API
2025-04-02 00:23:57 - app.main - INFO - Starting up FOS-HRDD API
2025-04-02 00:28:10 - app.api.endpoints - ERROR - Database error in get_complaints: 1054 (42S22): Unknown column 'e.name' in 'field list'
2025-04-02 00:28:10 - app.main - INFO - Shutting down FOS-HRDD API
2025-04-02 00:28:14 - app.main - INFO - Starting up FOS-HRDD API
2025-04-02 00:28:14 - app.api.endpoints - ERROR - Database error in get_data_from_database: 1054 (42S22): Unknown column 'c.id' in 'field list'
2025-04-02 00:28:14 - app.api.endpoints - ERROR - Error in get_complaints: 1054 (42S22): Unknown column 'c.id' in 'field list'
2025-04-02 00:29:21 - app.main - INFO - Shutting down FOS-HRDD API
2025-04-02 00:29:25 - app.main - INFO - Starting up FOS-HRDD API
2025-04-02 00:29:27 - app.api.endpoints - ERROR - Database error in get_data_from_database: 1054 (42S22): Unknown column 'c.employee_id' in 'field list'
2025-04-02 00:29:27 - app.api.endpoints - ERROR - Error in get_complaints: 1054 (42S22): Unknown column 'c.employee_id' in 'field list'
2025-04-02 00:29:27 - app.api.endpoints - ERROR - Database error in get_data_from_database: 1054 (42S22): Unknown column 'c.employee_id' in 'field list'
2025-04-02 00:29:27 - app.api.endpoints - ERROR - Error in get_complaints: 1054 (42S22): Unknown column 'c.employee_id' in 'field list'
2025-04-02 00:30:55 - app.api.endpoints - ERROR - Database error in get_data_from_database: 1054 (42S22): Unknown column 'c.employee_id' in 'field list'
2025-04-02 00:30:55 - app.api.endpoints - ERROR - Error in get_complaints: 1054 (42S22): Unknown column 'c.employee_id' in 'field list'
2025-04-02 00:30:55 - app.main - INFO - Shutting down FOS-HRDD API
2025-04-02 00:30:58 - app.main - INFO - Starting up FOS-HRDD API
2025-04-02 00:49:39 - app.api.endpoints - ERROR - Database error in get_io_users: 1054 (42S22): Unknown column 'o.name' in 'field list'
2025-04-02 00:49:39 - app.api.endpoints - ERROR - Database error in get_complaint_route_history: 1054 (42S22): Unknown column 'id' in 'field list'
2025-04-02 00:49:39 - app.api.endpoints - ERROR - Database error in get_io_users: 1054 (42S22): Unknown column 'o.name' in 'field list'
2025-04-02 00:49:39 - app.api.endpoints - ERROR - Database error in get_complaint_route_history: 1054 (42S22): Unknown column 'id' in 'field list'
2025-04-03 22:32:14 - app.main - INFO - Starting up FOS-HRDD API
2025-04-03 22:47:13 - app.main - ERROR - Database error during login: Authentication plugin 'caching_sha2_password' is not supported
2025-04-03 22:49:19 - app.main - INFO - Shutting down FOS-HRDD API
2025-04-03 22:49:28 - app.main - INFO - Starting up FOS-HRDD API
2025-04-04 03:17:51 - app.main - INFO - Shutting down FOS-HRDD API
2025-04-04 03:17:55 - app.main - INFO - Starting up FOS-HRDD API
2025-04-04 03:18:39 - app.main - INFO - Shutting down FOS-HRDD API
2025-04-04 03:18:41 - app.main - INFO - Starting up FOS-HRDD API
2025-04-04 03:19:13 - app.main - INFO - Shutting down FOS-HRDD API
2025-04-04 03:20:44 - app.main - INFO - Starting up FOS-HRDD API
2025-04-04 03:20:44 - app.main - INFO - Shutting down FOS-HRDD API
2025-04-04 03:20:48 - app.main - INFO - Starting up FOS-HRDD API
2025-04-04 03:25:54 - app.main - INFO - Shutting down FOS-HRDD API
2025-04-04 03:25:59 - app.main - INFO - Starting up FOS-HRDD API
2025-04-04 03:55:08 - app.main - INFO - Starting up FOS-HRDD API
2025-04-04 04:09:52 - app.main - INFO - Shutting down FOS-HRDD API
2025-04-04 04:09:55 - app.main - INFO - Starting up FOS-HRDD API
2025-04-04 04:09:58 - app.main - INFO - Shutting down FOS-HRDD API
2025-04-04 04:10:01 - app.main - INFO - Starting up FOS-HRDD API
2025-04-04 04:10:51 - app.main - INFO - Shutting down FOS-HRDD API
2025-04-04 04:10:55 - app.main - INFO - Starting up FOS-HRDD API
2025-04-04 04:10:56 - app.main - INFO - Shutting down FOS-HRDD API
2025-04-04 04:11:01 - app.main - INFO - Starting up FOS-HRDD API
2025-04-04 04:11:10 - app.main - INFO - Shutting down FOS-HRDD API
2025-04-04 04:11:12 - app.main - INFO - Starting up FOS-HRDD API
2025-04-04 04:11:28 - app.main - INFO - Shutting down FOS-HRDD API
2025-04-04 04:11:30 - app.main - INFO - Starting up FOS-HRDD API
2025-04-04 04:11:35 - app.main - INFO - Shutting down FOS-HRDD API
2025-04-04 04:11:39 - app.main - INFO - Starting up FOS-HRDD API
2025-04-04 04:11:39 - app.main - INFO - Shutting down FOS-HRDD API
2025-04-04 04:11:41 - app.main - INFO - Starting up FOS-HRDD API
2025-04-04 04:11:56 - app.main - INFO - Shutting down FOS-HRDD API
2025-04-04 04:11:58 - app.main - INFO - Starting up FOS-HRDD API
2025-04-04 04:12:32 - app.main - INFO - Shutting down FOS-HRDD API
2025-04-04 04:12:37 - app.main - INFO - Starting up FOS-HRDD API
2025-04-04 04:13:32 - app.main - INFO - Shutting down FOS-HRDD API
2025-04-04 04:14:57 - app.main - INFO - Starting up FOS-HRDD API
2025-04-04 04:16:44 - app.main - INFO - Shutting down FOS-HRDD API
2025-04-04 04:16:47 - app.main - INFO - Starting up FOS-HRDD API
2025-04-04 04:16:48 - app.main - INFO - Shutting down FOS-HRDD API
2025-04-04 04:16:50 - app.main - INFO - Starting up FOS-HRDD API
2025-04-04 04:16:56 - app.main - INFO - Shutting down FOS-HRDD API
2025-04-04 04:16:58 - app.main - INFO - Starting up FOS-HRDD API
2025-04-04 04:17:17 - app.main - INFO - Shutting down FOS-HRDD API
2025-04-04 04:17:19 - app.main - INFO - Starting up FOS-HRDD API
2025-04-04 05:34:53 - app.main - INFO - Shutting down FOS-HRDD API
2025-04-04 05:34:56 - app.main - INFO - Starting up FOS-HRDD API
2025-04-04 05:37:07 - app.main - INFO - Shutting down FOS-HRDD API
2025-04-04 05:37:11 - app.main - INFO - Starting up FOS-HRDD API
2025-04-04 05:41:10 - app.main - INFO - Shutting down FOS-HRDD API
2025-04-04 05:41:12 - app.main - INFO - Starting up FOS-HRDD API
2025-04-04 05:46:50 - app.services.email_service - ERROR - Failed to send email: (535, b'5.7.8 Username and Password not accepted. For more information, go to\n5.7.8  https://support.google.com/mail/?p=BadCredentials 4fb4d7f45d1cf-5f088084e49sm1553788a12.50 - gsmtp')
2025-04-04 05:46:50 - app.api.endpoints - ERROR - Error in share_complaint_timeline: 
2025-04-04 05:49:23 - app.main - INFO - Shutting down FOS-HRDD API
2025-04-04 05:49:26 - app.main - INFO - Starting up FOS-HRDD API
2025-04-04 05:49:30 - app.services.email_service - ERROR - Failed to send email: (535, b'5.7.8 Username and Password not accepted. For more information, go to\n5.7.8  https://support.google.com/mail/?p=BadCredentials a640c23a62f3a-ac7c018b448sm165470866b.159 - gsmtp')
2025-04-04 05:49:30 - app.api.endpoints - ERROR - Error in share_complaint_timeline: 
2025-04-04 05:51:08 - app.services.email_service - ERROR - Failed to send email: (535, b'5.7.8 Username and Password not accepted. For more information, go to\n5.7.8  https://support.google.com/mail/?p=BadCredentials 4fb4d7f45d1cf-5f087ee77f5sm1561057a12.31 - gsmtp')
2025-04-04 05:51:08 - app.api.endpoints - ERROR - Error in share_complaint_timeline: 
2025-04-04 05:51:45 - app.main - INFO - Shutting down FOS-HRDD API
2025-04-04 05:51:47 - app.main - INFO - Starting up FOS-HRDD API
2025-04-04 05:51:50 - app.main - INFO - Shutting down FOS-HRDD API
2025-04-04 05:51:51 - app.main - INFO - Starting up FOS-HRDD API
2025-04-04 05:52:01 - app.main - INFO - Shutting down FOS-HRDD API
2025-04-04 05:52:06 - app.main - INFO - Starting up FOS-HRDD API
2025-04-04 05:52:11 - app.main - INFO - Shutting down FOS-HRDD API
2025-04-04 05:52:13 - app.main - INFO - Starting up FOS-HRDD API
2025-04-04 05:52:16 - app.services.email_service - ERROR - Failed to send email: (535, b'5.7.8 Username and Password not accepted. For more information, go to\n5.7.8  https://support.google.com/mail/?p=BadCredentials a640c23a62f3a-ac7bfe5c599sm166568366b.6 - gsmtp')
2025-04-04 05:52:16 - app.api.endpoints - ERROR - Error in share_complaint_timeline: 
2025-04-04 05:52:53 - app.main - INFO - Shutting down FOS-HRDD API
2025-04-04 05:52:55 - app.main - INFO - Starting up FOS-HRDD API
2025-04-04 05:53:02 - app.services.email_service - ERROR - Failed to send email: (535, b'5.7.8 Username and Password not accepted. For more information, go to\n5.7.8  https://support.google.com/mail/?p=BadCredentials 4fb4d7f45d1cf-5f0880a458csm1607653a12.69 - gsmtp')
2025-04-04 05:53:02 - app.api.endpoints - ERROR - Error in share_complaint_timeline: 
2025-04-04 05:54:01 - app.main - INFO - Shutting down FOS-HRDD API
2025-04-04 05:54:04 - app.main - INFO - Starting up FOS-HRDD API
2025-04-04 05:54:06 - app.services.email_service - ERROR - Failed to send email: (535, b'5.7.8 Username and Password not accepted. For more information, go to\n5.7.8  https://support.google.com/mail/?p=BadCredentials a640c23a62f3a-ac7bfe5c804sm170042566b.15 - gsmtp')
2025-04-04 05:54:06 - app.api.endpoints - ERROR - Error in share_complaint_timeline: 
2025-04-04 05:54:16 - app.main - INFO - Shutting down FOS-HRDD API
2025-04-04 05:54:18 - app.main - INFO - Starting up FOS-HRDD API
2025-04-04 05:54:35 - app.main - INFO - Shutting down FOS-HRDD API
2025-04-04 05:54:37 - app.main - INFO - Starting up FOS-HRDD API
2025-04-04 05:54:42 - app.services.email_service - INFO - Email sent successfully to minhalawais1@gmail.com
2025-04-05 02:35:19 - app.main - INFO - Starting up FOS-HRDD API
2025-04-05 02:56:26 - app.main - INFO - Shutting down FOS-HRDD API
2025-04-05 02:56:31 - app.main - INFO - Starting up FOS-HRDD API
2025-04-05 02:57:59 - app.api.endpoints - ERROR - Error in get_complaint_files: 1054 (42S22): Unknown column 'id' in 'field list'
2025-04-05 02:58:00 - app.api.endpoints - ERROR - Error in get_complaint_files: 1054 (42S22): Unknown column 'id' in 'field list'
2025-04-05 02:58:00 - app.api.endpoints - ERROR - Error in get_complaint_files: 1054 (42S22): Unknown column 'id' in 'field list'
2025-04-05 02:58:22 - app.api.endpoints - ERROR - Error in get_complaint_files: 1054 (42S22): Unknown column 'id' in 'field list'
2025-04-05 02:58:22 - app.api.endpoints - ERROR - Error in get_complaint_files: 1054 (42S22): Unknown column 'id' in 'field list'
2025-04-05 02:58:22 - app.api.endpoints - ERROR - Error in get_complaint_files: 1054 (42S22): Unknown column 'id' in 'field list'
2025-04-05 02:58:22 - app.api.endpoints - ERROR - Error in get_complaint_files: 1054 (42S22): Unknown column 'id' in 'field list'
2025-04-05 02:58:22 - app.api.endpoints - ERROR - Error in get_complaint_files: 1054 (42S22): Unknown column 'id' in 'field list'
2025-04-05 02:58:22 - app.api.endpoints - ERROR - Error in get_complaint_files: 1054 (42S22): Unknown column 'id' in 'field list'
2025-04-05 03:00:16 - app.api.endpoints - ERROR - Error in get_complaint_files: 1054 (42S22): Unknown column 'id' in 'field list'
2025-04-05 03:00:16 - app.api.endpoints - ERROR - Error in get_complaint_files: 1054 (42S22): Unknown column 'id' in 'field list'
2025-04-05 03:00:16 - app.api.endpoints - ERROR - Error in get_complaint_files: 1054 (42S22): Unknown column 'id' in 'field list'
2025-04-05 03:00:16 - app.api.endpoints - ERROR - Error in get_complaint_files: 1054 (42S22): Unknown column 'id' in 'field list'
2025-04-05 03:00:16 - app.api.endpoints - ERROR - Error in get_complaint_files: 1054 (42S22): Unknown column 'id' in 'field list'
2025-04-05 03:00:16 - app.api.endpoints - ERROR - Error in get_complaint_files: 1054 (42S22): Unknown column 'id' in 'field list'
2025-04-05 03:00:21 - app.main - INFO - Shutting down FOS-HRDD API
2025-04-05 03:00:23 - app.main - INFO - Starting up FOS-HRDD API
2025-04-05 03:08:12 - app.api.endpoints - ERROR - Database error in get_io_users: 1054 (42S22): Unknown column 'o.name' in 'field list'
2025-04-05 03:08:12 - app.api.endpoints - ERROR - Database error in get_complaint_route_history: 1054 (42S22): Unknown column 'id' in 'field list'
2025-04-05 03:08:12 - app.api.endpoints - ERROR - Database error in get_io_users: 1054 (42S22): Unknown column 'o.name' in 'field list'
2025-04-05 03:08:12 - app.api.endpoints - ERROR - Database error in get_complaint_route_history: 1054 (42S22): Unknown column 'id' in 'field list'
2025-04-05 04:26:32 - app.api.endpoints - ERROR - Database error in get_io_users: 1054 (42S22): Unknown column 'o.name' in 'field list'
2025-04-05 04:26:32 - app.api.endpoints - ERROR - Database error in get_complaint_route_history: 1054 (42S22): Unknown column 'id' in 'field list'
2025-04-05 04:26:32 - app.api.endpoints - ERROR - Database error in get_io_users: 1054 (42S22): Unknown column 'o.name' in 'field list'
2025-04-05 04:26:32 - app.api.endpoints - ERROR - Database error in get_complaint_route_history: 1054 (42S22): Unknown column 'id' in 'field list'
